<?xml version="1.0" encoding="UTF-8"?>
<!-- Generated by org.testng.reporters.JUnitReportReporter -->
<testsuite skipped="0" hostname="DESKTOP-0AA0O4F" name="com.selenium.project.SeleniumBrowser" tests="4" failures="0" timestamp="18 Oct 2018 07:27:28 GMT" time="67.370" errors="0">
  <testcase name="setUp" time="23.361" classname="com.selenium.project.SeleniumBrowser"/>
  <testcase name="setUp" time="13.876" classname="com.selenium.project.SeleniumBrowser"/>
  <testcase name="setUp" time="15.167" classname="com.selenium.project.SeleniumBrowser"/>
  <testcase name="setUp" time="14.966" classname="com.selenium.project.SeleniumBrowser"/>
</testsuite> <!-- com.selenium.project.SeleniumBrowser -->
