<?xml version="1.0" encoding="UTF-8"?>
<!-- Generated by org.testng.reporters.JUnitReportReporter -->
<testsuite skipped="0" hostname="DESKTOP-0AA0O4F" name="com.selenium.code.LoginData" tests="1" failures="0" timestamp="21 Sep 2018 14:13:52 GMT" time="19.543" errors="0">
  <testcase name="getCode" time="19.543" classname="com.selenium.code.LoginData"/>
</testsuite> <!-- com.selenium.code.LoginData -->
