<?xml version="1.0" encoding="UTF-8"?>
<!-- Generated by org.testng.reporters.JUnitReportReporter -->
<testsuite skipped="0" hostname="DESKTOP-0AA0O4F" name="com.selenium.project.LaunchBrowser" tests="1" failures="0" timestamp="10 Sep 2018 06:34:25 GMT" time="11.532" errors="0">
  <testcase name="setUp" time="11.532" classname="com.selenium.project.LaunchBrowser"/>
</testsuite> <!-- com.selenium.project.LaunchBrowser -->
