<?xml version="1.0" encoding="UTF-8"?>
<!-- Generated by org.testng.reporters.JUnitReportReporter -->
<testsuite skipped="0" hostname="DESKTOP-0AA0O4F" name="com.cricbuzzSite.automation.Cricbuzz" tests="1" failures="0" timestamp="14 Oct 2018 04:26:03 GMT" time="7.765" errors="0">
  <testcase name="lauchCricbuzzSite" time="7.765" classname="com.cricbuzzSite.automation.Cricbuzz"/>
</testsuite> <!-- com.cricbuzzSite.automation.Cricbuzz -->
