<?xml version="1.0" encoding="UTF-8"?>
<!-- Generated by org.testng.reporters.JUnitReportReporter -->
<testsuite skipped="0" hostname="DESKTOP-0AA0O4F" name="com.parallel.execution.RunMyMethod" tests="1" failures="0" timestamp="23 Oct 2018 14:47:45 GMT" time="18.800" errors="0">
  <testcase name="run" time="18.800" classname="com.parallel.execution.RunMyMethod"/>
</testsuite> <!-- com.parallel.execution.RunMyMethod -->
